[    0.000000] Initializing cgroup subsys cpuset
[    0.000000] Initializing cgroup subsys cpu
[    0.000000] Initializing cgroup subsys cpuacct
[    0.000000] Linux version 4.4.0-83-generic (buildd@lgw01-29) (gcc version 5.4.0 20160609 (Ubuntu 5.4.0-6ubuntu1~16.04.4) ) #106-Ubuntu SMP Mon Jun 26 17:54:43 UTC 2017 (Ubuntu 4.4.0-83.106-generic 4.4.70)
[    0.000000] Command line: BOOT_IMAGE=/boot/vmlinuz-4.4.0-83-generic root=LABEL=cloudimg-rootfs ro console=tty1 console=ttyS0
[    0.000000] KERNEL supported cpus:
[    0.000000]   Intel GenuineIntel
[    0.000000]   AMD AuthenticAMD
[    0.000000]   Centaur CentaurHauls
[    0.000000] x86/fpu: xstate_offset[2]:  576, xstate_sizes[2]:  256
[    0.000000] x86/fpu: Supporting XSAVE feature 0x01: 'x87 floating point registers'
[    0.000000] x86/fpu: Supporting XSAVE feature 0x02: 'SSE registers'
[    0.000000] x86/fpu: Supporting XSAVE feature 0x04: 'AVX registers'
[    0.000000] x86/fpu: Enabled xstate features 0x7, context size is 832 bytes, using 'standard' format.
[    0.000000] x86/fpu: Using 'lazy' FPU context switches.
[    0.000000] e820: BIOS-provided physical RAM map:
[    0.000000] BIOS-e820: [mem 0x0000000000000000-0x000000000009fbff] usable
[    0.000000] BIOS-e820: [mem 0x000000000009fc00-0x000000000009ffff] reserved
[    0.000000] BIOS-e820: [mem 0x00000000000f0000-0x00000000000fffff] reserved
[    0.000000] BIOS-e820: [mem 0x0000000000100000-0x000000003ffeffff] usable
[    0.000000] BIOS-e820: [mem 0x000000003fff0000-0x000000003fffffff] ACPI data
[    0.000000] BIOS-e820: [mem 0x00000000fec00000-0x00000000fec00fff] reserved
[    0.000000] BIOS-e820: [mem 0x00000000fee00000-0x00000000fee00fff] reserved
[    0.000000] BIOS-e820: [mem 0x00000000fffc0000-0x00000000ffffffff] reserved
[    0.000000] NX (Execute Disable) protection: active
[    0.000000] SMBIOS 2.5 present.
[    0.000000] Hypervisor detected: KVM
[    0.000000] e820: last_pfn = 0x3fff0 max_arch_pfn = 0x400000000
[    0.000000] MTRR: Disabled
[    0.000000] x86/PAT: MTRRs disabled, skipping PAT initialization too.
[    0.000000] x86/PAT: Configuration [0-7]: WB  WT  UC- UC  WB  WT  UC- UC  
[    0.000000] CPU MTRRs all blank - virtualized system.
[    0.000000] found SMP MP-table at [mem 0x0009fff0-0x0009ffff] mapped at [ffff88000009fff0]
[    0.000000] Scanning 1 areas for low memory corruption
[    0.000000] RAMDISK: [mem 0x36ae8000-0x3756bfff]
[    0.000000] ACPI: Early table checksum verification disabled
[    0.000000] ACPI: RSDP 0x00000000000E0000 000024 (v02 VBOX  )
[    0.000000] ACPI: XSDT 0x000000003FFF0030 00003C (v01 VBOX   VBOXXSDT 00000001 ASL  00000061)
[    0.000000] ACPI: FACP 0x000000003FFF00F0 0000F4 (v04 VBOX   VBOXFACP 00000001 ASL  00000061)
[    0.000000] ACPI: DSDT 0x000000003FFF0470 0021C8 (v02 VBOX   VBOXBIOS 00000002 INTL 20100528)
[    0.000000] ACPI: FACS 0x000000003FFF0200 000040
[    0.000000] ACPI: FACS 0x000000003FFF0200 000040
[    0.000000] ACPI: APIC 0x000000003FFF0240 00005C (v02 VBOX   VBOXAPIC 00000001 ASL  00000061)
[    0.000000] ACPI: SSDT 0x000000003FFF02A0 0001CC (v01 VBOX   VBOXCPUT 00000002 INTL 20100528)
[    0.000000] No NUMA configuration found
[    0.000000] Faking a node at [mem 0x0000000000000000-0x000000003ffeffff]
[    0.000000] NODE_DATA(0) allocated [mem 0x3ffeb000-0x3ffeffff]
[    0.000000] kvm-clock: Using msrs 4b564d01 and 4b564d00
[    0.000000] kvm-clock: cpu 0, msr 0:3ffe3001, primary cpu clock
[    0.000000] kvm-clock: using sched offset of 3352001546 cycles
[    0.000000] clocksource: kvm-clock: mask: 0xffffffffffffffff max_cycles: 0x1cd42e4dffb, max_idle_ns: 881590591483 ns
[    0.000000] Zone ranges:
[    0.000000]   DMA      [mem 0x0000000000001000-0x0000000000ffffff]
[    0.000000]   DMA32    [mem 0x0000000001000000-0x000000003ffeffff]
[    0.000000]   Normal   empty
[    0.000000]   Device   empty
[    0.000000] Movable zone start for each node
[    0.000000] Early memory node ranges
[    0.000000]   node   0: [mem 0x0000000000001000-0x000000000009efff]
[    0.000000]   node   0: [mem 0x0000000000100000-0x000000003ffeffff]
[    0.000000] Initmem setup node 0 [mem 0x0000000000001000-0x000000003ffeffff]
[    0.000000] ACPI: PM-Timer IO Port: 0x4008
[    0.000000] IOAPIC[0]: apic_id 2, version 32, address 0xfec00000, GSI 0-23
[    0.000000] ACPI: INT_SRC_OVR (bus 0 bus_irq 0 global_irq 2 dfl dfl)
[    0.000000] ACPI: INT_SRC_OVR (bus 0 bus_irq 9 global_irq 9 high level)
[    0.000000] Using ACPI (MADT) for SMP configuration information
[    0.000000] smpboot: Allowing 2 CPUs, 0 hotplug CPUs
[    0.000000] PM: Registered nosave memory: [mem 0x00000000-0x00000fff]
[    0.000000] PM: Registered nosave memory: [mem 0x0009f000-0x0009ffff]
[    0.000000] PM: Registered nosave memory: [mem 0x000a0000-0x000effff]
[    0.000000] PM: Registered nosave memory: [mem 0x000f0000-0x000fffff]
[    0.000000] e820: [mem 0x40000000-0xfebfffff] available for PCI devices
[    0.000000] Booting paravirtualized kernel on KVM
[    0.000000] clocksource: refined-jiffies: mask: 0xffffffff max_cycles: 0xffffffff, max_idle_ns: 7645519600211568 ns
[    0.000000] setup_percpu: NR_CPUS:512 nr_cpumask_bits:512 nr_cpu_ids:2 nr_node_ids:1
[    0.000000] PERCPU: Embedded 33 pages/cpu @ffff88003fc00000 s98264 r8192 d28712 u1048576
[    0.000000] PV qspinlock hash table entries: 256 (order: 0, 4096 bytes)
[    0.000000] Built 1 zonelists in Node order, mobility grouping on.  Total pages: 257913
[    0.000000] Policy zone: DMA32
[    0.000000] Kernel command line: BOOT_IMAGE=/boot/vmlinuz-4.4.0-83-generic root=LABEL=cloudimg-rootfs ro console=tty1 console=ttyS0
[    0.000000] PID hash table entries: 4096 (order: 3, 32768 bytes)
[    0.000000] Memory: 1001808K/1048120K available (8469K kernel code, 1294K rwdata, 3984K rodata, 1488K init, 1316K bss, 46312K reserved, 0K cma-reserved)
[    0.000000] SLUB: HWalign=64, Order=0-3, MinObjects=0, CPUs=2, Nodes=1
[    0.000000] Hierarchical RCU implementation.
[    0.000000] 	Build-time adjustment of leaf fanout to 64.
[    0.000000] 	RCU restricting CPUs from NR_CPUS=512 to nr_cpu_ids=2.
[    0.000000] RCU: Adjusting geometry for rcu_fanout_leaf=64, nr_cpu_ids=2
[    0.000000] NR_IRQS:33024 nr_irqs:440 16
[    0.000000] Console: colour VGA+ 80x25
[    0.000000] console [tty1] enabled
[    0.000000] console [ttyS0] enabled
[    0.000000] tsc: Detected 2199.998 MHz processor
[    5.333950] Calibrating delay loop (skipped) preset value.. 4399.99 BogoMIPS (lpj=8799992)
[    5.426782] pid_max: default: 32768 minimum: 301
[    5.475003] ACPI: Core revision 20150930
[    5.514464] ACPI: 2 ACPI AML tables successfully acquired and loaded
[    5.609628] Security Framework initialized
[    5.616504] Yama: becoming mindful.
[    5.621112] AppArmor: AppArmor initialized
[    5.640492] Dentry cache hash table entries: 131072 (order: 8, 1048576 bytes)
[    5.697797] Inode-cache hash table entries: 65536 (order: 7, 524288 bytes)
[    5.727191] Mount-cache hash table entries: 2048 (order: 2, 16384 bytes)
[    5.805707] Mountpoint-cache hash table entries: 2048 (order: 2, 16384 bytes)
[    5.904378] Initializing cgroup subsys io
[    5.959061] Initializing cgroup subsys memory
[    6.013445] Initializing cgroup subsys devices
[    6.068795] Initializing cgroup subsys freezer
[    6.136246] Initializing cgroup subsys net_cls
[    6.193286] Initializing cgroup subsys perf_event
[    6.239983] Initializing cgroup subsys net_prio
[    6.293202] Initializing cgroup subsys hugetlb
[    6.335627] Initializing cgroup subsys pids
[    6.364733] CPU: Physical Processor ID: 0
[    6.437813] CPU: Processor Core ID: 0
[    6.502396] mce: CPU supports 0 MCE banks
[    6.549152] Last level iTLB entries: 4KB 64, 2MB 8, 4MB 8
[    6.578164] Last level dTLB entries: 4KB 64, 2MB 0, 4MB 0, 1GB 4
[    6.581168] Freeing SMP alternatives memory: 32K (ffffffff820b9000 - ffffffff820c1000)
[    6.715365] ftrace: allocating 32129 entries in 126 pages
[    6.781964] smpboot: APIC(0) Converting physical 0 to logical package 0
[    6.857281] smpboot: Max logical packages: 1
[    6.903273] x2apic enabled
[    6.946602] Switched APIC routing to physical x2apic.
[    7.022892] ..TIMER: vector=0x30 apic1=0 pin1=2 apic2=-1 pin2=-1
[    7.200976] smpboot: CPU0: Intel(R) Core(TM) i7-5650U CPU @ 2.20GHz (family: 0x6, model: 0x3d, stepping: 0x4)
[    7.217041] Performance Events: unsupported p6 CPU model 61 no PMU driver, software events only.
[    7.265232] KVM setup paravirtual spinlock
[    7.329079] x86: Booting SMP configuration:
[    7.377087] .... node  #0, CPUs:      #1
[    7.431411] kvm-clock: cpu 1, msr 0:3ffe3041, secondary cpu clock
[    7.446664] mce: CPU supports 0 MCE banks
[    7.449332] x86: Booted up 1 node, 2 CPUs
[    7.492580] smpboot: Total of 2 processors activated (8799.99 BogoMIPS)
[    7.536565] devtmpfs: initialized
[    7.581278] evm: security.selinux
[    7.610171] evm: security.SMACK64
[    7.639650] evm: security.SMACK64EXEC
[    7.680246] evm: security.SMACK64TRANSMUTE
[    7.717136] evm: security.SMACK64MMAP
[    7.781493] evm: security.ima
[    7.807381] evm: security.capability
[    7.826951] clocksource: jiffies: mask: 0xffffffff max_cycles: 0xffffffff, max_idle_ns: 7645041785100000 ns
[    7.834169] futex hash table entries: 512 (order: 3, 32768 bytes)
[    7.836696] pinctrl core: initialized pinctrl subsystem
[    7.839603] RTC time: 22:23:25, date: 07/02/17
[    7.842617] NET: Registered protocol family 16
[    7.871944] cpuidle: using governor ladder
[    7.912178] cpuidle: using governor menu
[    7.947884] PCCT header not found.
[    7.988183] ACPI: bus type PCI registered
[    8.033571] acpiphp: ACPI Hot Plug PCI Controller Driver version: 0.5
[    8.114761] PCI: Using configuration type 1 for base access
[    8.176885] ACPI: Added _OSI(Module Device)
[    8.212387] ACPI: Added _OSI(Processor Device)
[    8.249090] ACPI: Added _OSI(3.0 _SCP Extensions)
[    8.271942] ACPI: Added _OSI(Processor Aggregator Device)
[    8.322885] ACPI: Executed 1 blocks of module-level executable AML code
[    8.391093] ACPI: Interpreter enabled
[    8.425968] ACPI: (supports S0 S5)
[    8.458200] ACPI: Using IOAPIC for interrupt routing
[    8.459435] PCI: Using host bridge windows from ACPI; if necessary, use "pci=nocrs" and report a bug
[    8.549748] ACPI: PCI Root Bridge [PCI0] (domain 0000 [bus 00-ff])
[    8.610679] acpi PNP0A03:00: _OSC: OS supports [ASPM ClockPM Segments MSI]
[    8.679307] acpi PNP0A03:00: _OSC failed (AE_NOT_FOUND); disabling ASPM
[    8.745687] acpi PNP0A03:00: fail to add MMCONFIG information, can't access extended PCI configuration space under this bridge.
[    8.798641] PCI host bridge to bus 0000:00
[    8.799660] pci_bus 0000:00: root bus resource [io  0x0000-0x0cf7 window]
[    8.801125] pci_bus 0000:00: root bus resource [io  0x0d00-0xffff window]
[    8.802631] pci_bus 0000:00: root bus resource [mem 0x000a0000-0x000bffff window]
[    8.846189] pci_bus 0000:00: root bus resource [mem 0x40000000-0xffdfffff window]
[    8.915269] pci_bus 0000:00: root bus resource [bus 00-ff]
[    8.934606] pci 0000:00:01.1: legacy IDE quirk: reg 0x10: [io  0x01f0-0x01f7]
[    8.942062] pci 0000:00:01.1: legacy IDE quirk: reg 0x14: [io  0x03f6]
[    8.943421] pci 0000:00:01.1: legacy IDE quirk: reg 0x18: [io  0x0170-0x0177]
[    8.993633] pci 0000:00:01.1: legacy IDE quirk: reg 0x1c: [io  0x0376]
[    9.042826] pci 0000:00:07.0: quirk: [io  0x4000-0x403f] claimed by PIIX4 ACPI
[    9.116505] pci 0000:00:07.0: quirk: [io  0x4100-0x410f] claimed by PIIX4 SMB
[    9.171779] ACPI: PCI Interrupt Link [LNKA] (IRQs 5 9 10 *11)
[    9.241774] ACPI: PCI Interrupt Link [LNKB] (IRQs 5 9 10 *11)
[    9.301461] ACPI: PCI Interrupt Link [LNKC] (IRQs 5 9 *10 11)
[    9.360799] ACPI: PCI Interrupt Link [LNKD] (IRQs 5 *9 10 11)
[    9.428656] ACPI: Enabled 2 GPEs in block 00 to 07
[    9.482177] vgaarb: setting as boot device: PCI:0000:00:02.0
[    9.528997] vgaarb: device added: PCI:0000:00:02.0,decodes=io+mem,owns=io+mem,locks=none
[    9.625666] vgaarb: loaded
[    9.651603] vgaarb: bridge control possible 0000:00:02.0
[    9.706236] SCSI subsystem initialized
[    9.744915] ACPI: bus type USB registered
[    9.792422] usbcore: registered new interface driver usbfs
[    9.845070] usbcore: registered new interface driver hub
[    9.885424] usbcore: registered new device driver usb
[    9.953257] PCI: Using ACPI for IRQ routing
[    9.990859] NetLabel: Initializing
[   10.030215] NetLabel:  domain hash size = 128
[   10.040393] NetLabel:  protocols = UNLABELED CIPSOv4
[   10.041522] NetLabel:  unlabeled traffic allowed by default
[   10.064304] amd_nb: Cannot enumerate AMD northbridges
[   10.092721] clocksource: Switched to clocksource kvm-clock
[   10.144074] AppArmor: AppArmor Filesystem Enabled
[   10.254559] pnp: PnP ACPI init
[   10.299000] pnp: PnP ACPI: found 3 devices
[   10.385103] clocksource: acpi_pm: mask: 0xffffff max_cycles: 0xffffff, max_idle_ns: 2085701024 ns
[   10.546449] NET: Registered protocol family 2
[   10.616920] TCP established hash table entries: 8192 (order: 4, 65536 bytes)
[   10.752774] TCP bind hash table entries: 8192 (order: 5, 131072 bytes)
[   10.895842] TCP: Hash tables configured (established 8192 bind 8192)
[   11.007570] UDP hash table entries: 512 (order: 2, 16384 bytes)
[   11.044994] UDP-Lite hash table entries: 512 (order: 2, 16384 bytes)
[   11.126076] NET: Registered protocol family 1
[   11.127179] pci 0000:00:00.0: Limiting direct PCI/PCI transfers
[   11.136882] pci 0000:00:01.0: Activating ISA DMA hang workarounds
[   11.141641] Unpacking initramfs...
[   12.910710] Freeing initrd memory: 10768K (ffff880036ae8000 - ffff88003756c000)
[   13.005880] RAPL PMU detected, API unit is 2^-32 Joules, 4 fixed counters 10737418240 ms ovfl timer
[   13.093797] hw unit of domain pp0-core 2^-0 Joules
[   13.170552] hw unit of domain package 2^-0 Joules
[   13.218920] hw unit of domain dram 2^-0 Joules
[   13.286560] hw unit of domain pp1-gpu 2^-0 Joules
[   13.336613] platform rtc_cmos: registered platform RTC device (no PNP device found)
[   13.375986] Scanning for low memory corruption every 60 seconds
[   13.411060] audit: initializing netlink subsys (disabled)
[   13.430406] audit: type=2000 audit(1499034206.241:1): initialized
[   13.446804] Initialise system trusted keyring
[   13.456353] HugeTLB registered 2 MB page size, pre-allocated 0 pages
[   13.558789] zbud: loaded
[   13.616980] VFS: Disk quotas dquot_6...0
[   13.735967] VFS: Dquot-cache hash table entries: 512 (order 0, 4096 bytes)
[   13.773205] squashfs: version 4.0 (2009/01/31) Phillip Lougher
[   13.774825] fuse init (API version 7.23)
[   13.938471] Key type big_key registered
[   14.058175] Allocating IMA MOK and blacklist keyrings.
[   14.245013] Key type asymmetric registered
[   14.337753] tsc: Refined TSC clocksource calibration: 2199.126 MHz
[   14.425883] clocksource: tsc: mask: 0xffffffffffffffff max_cycles: 0x1fb2f92b68f, max_idle_ns: 440795223181 ns
[   14.425927] Asymmetric key parser 'x509' registered
[   14.425982] Block layer SCSI generic (bsg) driver version 0.4 loaded (major 249)
[   14.426019] io scheduler noop registered
[   14.426021] io scheduler deadline registered (default)
[   14.426050] io scheduler cfq registered
[   14.426152] pci_hotplug: PCI Hot Plug PCI Core version: 0.5
[   14.426157] pciehp: PCI Express Hot Plug Controller Driver version: 0.4
[   14.426475] ACPI: AC Adapter [AC] (off-line)
[   14.426524] input: Power Button as /devices/LNXSYSTM:00/LNXPWRBN:00/input/input0
[   14.426527] ACPI: Powe  Button [PWRF]
[   14.426587] input: Sleep Button as /devices/LNXSYSTM:00/LNXSLPBN:00/input/input1
[   14.426588] ACPI: Sleep Button [SLPF]
[   14.426716] GHES: HEST is not enabled!
[   14.491327] ACPI: Battery Slot [BAT0] (battery present)
[   14.491744] Serial: 8250/16550 driver, 32 ports, IRQ sharing enabled
[   14.528068] 00:02: ttyS0 at I/O 0x3f8 (irq = 4, base_baud = 115200) is a 16550A
[   14.543217] Linux agpgart interface v0.103
[   14.562427] loop: module loaded
[   14.562905] scsi host0: ata_piix
[   14.562954] scsi host1: ata_piix
[   14.562981] ata1: PATA max UDMA/33 cmd 0x1f0 ctl 0x3f6 bmdma 0xd000 irq 14
[   14.562982] ata2: PATA max UDMA/33 cmd 0x170 ctl 0x376 bmdma 0xd008 irq 15
[   14.563045] libphy: Fixed MDIO Bus: probed
[   14.563047] tun: Universal TUN/TAP device driver, 1.6
[   14.563047] tun: (C) 1999-2004 Max Krasnyansky <maxk@qualcomm.com>
[   14.563333] PPP generic driver version 2.4.2
[   14.563379] ehci_hcd: USB 2.0 'Enhanced' Host Controller (EHCI) Driver
[   14.563382] ehci-pci: EHCI PCI platform driver
[   14.563395] ehci-platform: EHCI generic platform driver
[   14.563403] ohci_hcd: USB 1.1 'Open' Host Controller (OHCI) Driver
[   14.563405] ohci-pci: OHCI PCI platform driver
[   14.563412] ohci-platform: OHCI generic platform driver
[   14.563418] uhci_hcd: USB Universal Host Controller Interface driver
[   14.563468] i8042: PNP: PS/2 Controller [PNP0303:PS2K,PNP0f03:PS2M] at 0x60,0x64 irq 1,12
[   14.563914] serio: i8042 KBD port at 0x60,0x64 irq 1
[   14.563917] serio: i8042 AUX port at 0x60,0x64 irq 12
[   14.564001] mousedev: PS/2 mouse device common for all mice
[   14.564224] input: AT Translated Set 2 keyboard as /devices/platform/i8042/serio0/input/input2
[   14.564512] rtc_cmos rtc_cmos: rtc core: registered rtc_cmos as rtc0
[   14.564592] rtc_cmos rtc_cmos: alarms up to one day, 114 bytes nvram
[   14.564597] i2c /dev entries driver
[   14.564642] device-mapper: uevent: version 1.0.3
[   14.564685] device-mapper: ioctl: 4.34.0-ioctl (2015-10-28) initialised: dm-devel@redhat.com
[   14.564704] ledtrig-cpu: registered to indicate activity on CPUs
[   14.564914] NET: Registered protocol family 10
[   14.565054] NET: Registered protocol family 17
[   14.565061] Key type dns_resolver registered
[   14.565170] microcode: CPU0 sig=0x306d4, pf=0x40, revision=0x0
[   14.566312] microcode: CPU1 sig=0x306d4, pf=0x40, revision=0x0
[   14.566337] microcode: Microcode Update Driver: v2.01 <tigran@aivazian.fsnet.co.uk>, Peter Oruba
[   14.566434] registered taskstats version 1
[   14.566446] Loading compiled-in X.509 certificates
[   14.567005] Loaded X.509 cert 'Build time autogenerated kernel key: 35105354eb779045e4d9ad793dead39d5ee93f76'
[   14.567020] zswap: loaded using pool lzo/zbud
[   14.568703] Key type trusted registered
[   14.571569] Key type encrypted registered
[   14.571577] AppArmor: AppArmor sha1 policy hashing enabled
[   14.571580] ima: No TPM chip found, activating TPM-bypass!
[   14.571600] evm: HMAC attrs: 0x1
[   14.571886]   Magic number: 9:313:400
[   14.577140] rtc_cmos rtc_cmos: setting system clock to 2017-07-02 22:23:31 UTC (1499034211)
[   14.577333] BIOS EDD facility v0.16 2004-Jun-25, 0 devices found
[   14.577334] EDD information not available.
[   17.781870] Freeing unused kernel memory: 1488K (ffffffff81f45000 - ffffffff820b9000)
[   17.794779] Write protecting the kernel read-only data: 14336k
[   17.803399] Freeing unused kernel memory: 1760K (ffff880001848000 - ffff880001a00000)
[   17.817554] Freeing unused kernel memory: 112K (ffff880001de4000 - ffff880001e00000)
Loading, please [   17.966493] random: systemd-udevd: uninitialized urandom read (16 bytes read, 7 bits of entropy available)
wait...
startin[   17.967076] random: udevadm: uninitialized urandom read (16 bytes read, 7 bits of entropy available)
g version 229
[   17.967110] random: udevadm: uninitialized urandom read (16 bytes read, 7 bits of entropy available)
[   17.967200] random: udevadm: uninitialized urandom read (16 bytes read, 7 bits of entropy available)
[   17.967235] random: udevadm: uninitialized urandom read (16 bytes read, 7 bits of entropy available)
[   17.967270] random: udevadm: uninitialized urandom read (16 bytes read, 7 bits of entropy available)
[   17.967302] random: udevadm: uninitialized urandom read (16 bytes read, 7 bits of entropy available)
[   17.967335] random: udevadm: uninitialized urandom read (16 bytes read, 7 bits of entropy available)
[   17.967365] random: udevadm: uninitialized urandom read (16 bytes read, 7 bits of entropy available)
[   17.967397] random: udevadm: uninitialized urandom read (16 bytes read, 7 bits of entropy available)
[   18.681921] e1000: Intel(R) PRO/1000 Network Driver - version 7.3.21-k8-NAPI
[   18.706812] e1000: Copyright (c) 1999-2006 Intel Corporation.
[   18.730648] AVX version of gcm_enc/dec engaged.
[   18.737011] Fusion MPT base driver 3.04.20
[   18.737012] Copyright (c) 1999-2008 LSI Corporation
[   18.743782] AES CTR mode by8 optimization enabled
[   18.748740] Fusion MPT SPI Host driver 3.04.20
[   18.922371] input: ImExPS/2 Generic Explorer Mouse as /devices/platform/i8042/serio1/input/input4
[   19.165919] e1000 0000:00:03.0 eth0: (PCI:33MHz:32-bit) 02:98:99:e0:7d:1c
[   19.325813] e1000 0000:00:03.0 eth0: Intel(R) PRO/1000 Network Connection
[   19.423461] mptbase: ioc0: Initiating bringup
[   19.423920] e1000 0000:00:03.0 enp0s3: renamed from eth0
[   19.629066] ioc0: LSI53C1030 A0: Capabilities={Initiator}
[   19.972369] scsi host2: ioc0: LSI53C1030 A0, FwRev=00000000h, Ports=1, MaxQ=256, IRQ=20
[   20.087032] scsi 2:0:0:0: Direct-Access     VBOX     HARDDISK         1.0  PQ: 0 ANSI: 5
[   20.183911] scsi target2:0:0: Beginning Domain Validation
[   20.297918] scsi target2:0:0: Domain Validation skipping write tests
[   20.327480] scsi target2:0:0: Ending Domain Validation
[   20.328847] scsi target2:0:0: asynchronous
[   20.404655] scsi 2:0:1:0: Direct-Access     VBOX     HARDDISK         1.0  PQ: 0 ANSI: 5
[   20.453956] scsi target2:0:1: Beginning Domain Validation
[   20.456848] scsi target2:0:1: Domain Validation skipping write tests
[   20.585893] scsi target2:0:1: Ending Domain Validation
[   20.680450] scsi target2:0:1: asynchronous
[   20.787583] sd 2:0:0:0: Attached scsi generic sg0 type 0
[   20.814789] sd 2:0:0:0: [sda] 20971520 512-byte logical blocks: (10.7 GB/10.0 GiB)
[   20.870142] sd 2:0:0:0: [sda] Write Protect is off
[   20.891565] sd 2:0:1:0: [sdb] 20480 512-byte logical blocks: (10.5 MB/10.0 MiB)
[   20.891575] sd 2:0:1:0: Attached scsi generic sg1 type 0
[   20.900801] sd 2:0:0:0: [sda] Incomplete mode parameter data
[   20.900803] sd 2:0:0:0: [sda] Assuming drive cache: write through
[   21.102386] sd 2:0:1:0: [sdb] Write Protect is off
[   21.135223] sd 2:0:1:0: [sdb] Incomplete mode parameter data
[   21.137279]  sda: sda1
[   21.156217] sd 2:0:0:0: [sda] Attached SCSI disk
[   21.180582] sd 2:0:1:0: [sdb] Assuming drive cache: write through
[   21.189935] sd 2:0:1:0: [sdb] Attached SCSI disk
[   21.745860] floppy0: no floppy controllers found
Begin: Loading e[   23.135280] md: linear personality registered for level -1
ssential drivers ... [   23.228098] md: multipath personality registered for level -4
[   23.312295] md: raid0 personality registered for level 0
[   23.318055] md: raid1 personality registered for level 1
[   23.393232] raid6: sse2x1   gen()  5477 MB/s
[   23.504946] raid6: sse2x1   xor()  7440 MB/s
[   23.616788] raid6: sse2x2   gen() 12250 MB/s
[   23.724864] raid6: sse2x2   xor()  8183 MB/s
[   23.844738] raid6: sse2x4   gen() 14151 MB/s
[   23.944779] raid6: sse2x4   xor()  9865 MB/s
[   24.016263] raid6: using algorithm sse2x4 gen() 14151 MB/s
[   24.081389] raid6: .... xor() 9865 MB/s, rmw enabled
[   24.134747] raid6: using ssse3x2 recovery algorithm
[   24.206756] xor: automatically using best checksumming function:
[   24.372903]    avx       : 50451.000 MB/sec
[   24.407476] async_tx: api initialized (async)
[   24.451645] md: raid6 personality registered for level 6
[   24.503997] md: raid5 personality registered for level 5
[   24.511988] md: raid4 personality registered for level 4
[   24.535393] md: raid10 personality registered for level 10
done.
Begin: Running /scripts/i[   24.680937] Btrfs loaded
nit-premount ... done.
Begin: Mounting root file system ... Begin: Running /scripts/local-top ... done.
Begin: Running /script[   24.813237] EXT4-fs (sda1): mounted filesystem with ordered data mode. Opts: (null)
s/local-premount ... Scanning for Btrfs filesystems
done.
Warning: fsck not present, so skipping root file system
done.
Begin: Running /scripts/local-bottom ... done.
Begin: Running /scripts/init-bottom ... done.
[   25.046907] systemd[1]: systemd 229 running in system mode. (+PAM +AUDIT +SELINUX +IMA +APPARMOR +SMACK +SYSVINIT +UTMP +LIBCRYPTSETUP +GCRYPT +GNUTLS +ACL +XZ -LZ4 +SECCOMP +BLKID +ELFUTILS +KMOD -IDN)
[   25.071664] systemd[1]: Detected virtualization oracle.
[   25.072767] systemd[1]: Detected architecture x86-64.

Welcome to [1mUbuntu 16.04.2 LTS[0m!

[   25.167776] systemd[1]: Set hostname to <ubuntu-xenial>.
[   25.630157] systemd[1]: Listening on Journal Audit Socket.
[[0;32m  OK  [0m] Listening on Journal Audit Socket.
[   25.773324] systemd[1]: Reached target User and Group Name Lookups.
[[0;32m  OK  [0m] Reached target User and Group Name Lookups.
[   25.945704] systemd[1]: Reached target Encrypted Volumes.
[[0;32m  OK  [0m] Reached target Encrypted Volumes.
[   26.077956] systemd[1]: Created slice User and Session Slice.
[[0;32m  OK  [0m] Created slice User and Session Slice.
[   26.233541] systemd[1]: Started Forward Password Requests to Wall Directory Watch.
[[0;32m  OK  [0m] Started Forward Password Requests to Wall Directory Watch.
[   26.445672] systemd[1]: Listening on /dev/initctl Compatibility Named Pipe.
[[0;32m  OK  [0m] Listening on /dev/initctl Compatibility Named Pipe.
[   26.632975] systemd[1]: Listening on LVM2 poll daemon socket.
[[0;32m  OK  [0m] Listening on LVM2 poll daemon socket.
[   26.665341] systemd[1]: Created slice System Slice.
[[0;32m  OK  [0m] Created slice System Slice.
[   26.729926] systemd[1]: Created slice system-serial\x2dgetty.slice.
[[0;32m  OK  [0m] Created slice system-serial\x2dgetty.slice.
[   26.901735] systemd[1]: Started Trigger resolvconf update for networkd DNS.
[[0;32m  OK  [0m] Started Trigger resolvconf update for networkd DNS.
[   27.125291] systemd[1]: Listening on udev Control Socket.
[[0;32m  OK  [0m] Listening on udev Control Socket.
[   27.269081] systemd[1]: Reached target Swap.
[[0;32m  OK  [0m] Reached target Swap.
[   27.381248] systemd[1]: Listening on Journal Socket.
[[0;32m  OK  [0m] Listening on Journal Socket.
[   27.481147] systemd[1]: Mounting POSIX Message Queue File System...
[   27.534556] random: nonblocking pool is initialized
         Mounting POSIX Message Queue File System...
[   27.665286] systemd[1]: Mounting Huge Pages File System...
         Mounting Huge Pages File System...
[   27.756367] systemd[1]: Starting Set console keymap...
         Starting Set console keymap...
[   27.825928] systemd[1]: Starting Load Kernel Modules...
         Starting Load Kernel Modules...[   27.885113] Loading iSCSI transport class v2.0-870.

[   27.984481] iscsi: registered transport (tcp)
[   28.030765] systemd[1]: Starting Remount Root and Kernel File Systems...
         [   28.098626] EXT4-fs (sda1): re-mounted. Opts: (null)
Starting Remount Root and Kernel File Systems...[   28.198811] iscsi: registered transport (iser)

[   28.253089] systemd[1]: Mounting Debug File System...
         Mounting Debug File System...
[   28.293656] systemd[1]: Listening on Syslog Socket.
[[0;32m  OK  [0m] Listening on Syslog Socket.
[   28.323799] systemd[1]: Reached target Slices.
[[0;32m  OK  [0m] Reached target Slices.
[   28.341193] systemd[1]: Listening on Journal Socket (/dev/log).
[[0;32m  OK  [0m] Listening on Journal Socket (/dev/log).
[   28.421868] systemd[1]: Starting Journal Service...
         Starting Journal Service...
[   28.461040] systemd[1]: Listening on udev Kernel Socket.
[[0;32m  OK  [0m] Listening on udev Kernel Socket.
[   28.561306] systemd[1]: Starting Create list of required static device nodes for the current kernel...
         Starting Create list of required st... nodes for the current kernel...
[   28.691638] systemd[1]: Listening on LVM2 metadata daemon socket.
[[0;32m  OK  [0m] Listening on LVM2 metadata daemon socket.
[   28.769156] systemd[1]: Starting Uncomplicated firewall...
         Starting Uncomplicated firewall...
[   28.885215] systemd[1]: Starting Nameserver information manager...
         Starting Nameserver information manager...
[   28.917059] systemd[1]: Listening on Device-mapper event daemon FIFOs.
[[0;32m  OK  [0m] Listening on Device-mapper event daemon FIFOs.
[   28.969193] systemd[1]: Starting Monitoring of LVM2 mirrors, snapshots etc. using dmeventd or progress polling...
         Starting Monitoring of LVM2 mirrors... dmeventd or progress polling...
[   29.195717] systemd[1]: Set up automount Arbitrary Executable File Formats File System Automount Point.
[[0;32m  OK  [0m] Set up automount Arbitrary Executab...ats File System Automount Point.
[   29.338226] systemd[1]: Mounted Debug File System.
[[0;32m  OK  [0m] Mounted Debug File System.
[   29.505052] systemd[1]: Mounted POSIX Message Queue File System.
[[0;32m  OK  [0m] Mounted POSIX Message Queue File System.
[   29.733163] systemd[1]: Mounted Huge Pages File System.
[[0;32m  OK  [0m] Mounted Huge Pages File System.
[   29.957092] systemd[1]: Started Journal Service.
[[0;32m  OK  [0m] Started Journal Service.
[[0;32m  OK  [0m] Started Set console keymap.
[[0;32m  OK  [0m] Started Load Kernel Modules.
[[0;32m  OK  [0m] Started Remount Root and Kernel File Systems.
[[0;32m  OK  [0m] Started Create list of required sta...ce nodes for the current kernel.
[[0;32m  OK  [0m] Started Uncomplicated firewall.
[[0;32m  OK  [0m] Started Nameserver information manager.
[[0;32m  OK  [0m] Started LVM2 metadata daemon.
         Starting Create Static Device Nodes in /dev...
         Starting Initial cloud-init job (pre-networking)...
         Starting Load/Save Random Seed...
         Starting udev Coldplug all Devices...
         Mounting FUSE Control File System...
         Starting Apply Kernel Variables...
         Starting Flush Journal to Persistent Storage...
[[0;32m  OK  [0m] Mounted FUSE Control File System.
[[0;32m  OK  [0m] Started Create Static Device Nodes in /dev.
[[0;32m  OK  [0m] Started Load/Save Random Seed.
[[0;32m  OK  [0m] Started Apply Kernel Variables.
[[0;32m  OK  [0m] Started Monitoring of LVM2 mirrors,...ng dmeventd or progress polling.
[[0;32m  OK  [0m] Started udev Coldplug all Devices.
[[0;32m  OK  [0m] Started Flush Journal to Persistent Storage.
         Starting udev Kernel Device Manager...
[[0;32m  OK  [0m] Started udev Kernel Device Manager.
[[0;32m  OK  [0m] Started Dispatch Password Requests to Console Directory Watch.
[[0;32m  OK  [0m] Reached target Local File Systems (Pre).
[[0;32m  OK  [0m] Reached target Local File Systems.
         Starting LSB: AppArmor initialization...
         Starting Create Volatile Files and Directories...
         Starting Tell Plymouth To Write Out Runtime Data...
         Starting Set console font and keymap...
[[0;32m  OK  [0m] Started Create Volatile Files and Directories.
[[0;32m  OK  [0m] Started Tell Plymouth To Write Out Runtime Data.
[[0;32m  OK  [0m] Found device /dev/ttyS0.
[[0;32m  OK  [0m] Reached target System Time Synchronized.
         Starting Update UTMP about System Boot/Shutdown...
[[0;32m  OK  [0m] Started LSB: AppArmor initialization.
[[0;32m  OK  [0m] Started Update UTMP about System Boot/Shutdown.
[[0;32m  OK  [0m] Listening on Load/Save RF Kill Switch Status /dev/rfkill Watch.
[[0;32m  OK  [0m] Found device 82540EM Gigabit Ethern...r (PRO/1000 MT Desktop Adapter).
[[0;32m  OK  [0m] Started Set console font and keymap.
[[0;32m  OK  [0m] Created slice system-getty.slice.
[   22.965913] cloud-init[447]: Cloud-init v. 0.7.9 running 'init-local' at Sun, 02 Jul 2017 22:23:48 +0000. Up 22.50 seconds.
[[0;32m  OK  [0m] Started Initial cloud-init job (pre-networking).
[[0;32m  OK  [0m] Reached target Network (Pre).
         Starting Raise network interfaces...
[[0;32m  OK  [0m] Started ifup for enp0s3.
[[0;32m  OK  [0m] Started Raise network interfaces.
[[0;32m  OK  [0m] Reached target Network.
         Starting Initial cloud-init job (metadata service crawler)...
[   25.263751] cloud-init[966]: Cloud-init v. 0.7.9 running 'init' at Sun, 02 Jul 2017 22:23:51 +0000. Up 24.85 seconds.
[   25.316690] cloud-init[966]: ci-info: +++++++++++++++++++++++++++++++++++++Net device info++++++++++++++++++++++++++++++++++++++
[   25.364736] [cloud-init[0;32m  OK  [0m[966]: ] ci-info: +--------+------+----------------------------+---------------+-------+-------------------+Started Initial cloud-init job (metadata service crawler).

[   25.365217] cloud-init[966]: ci-info: | Device |  Up  |          Address           |      Mask     | Scope |     Hw-Address    |
[   25.469963] [cloud-init[0;32m  OK  [0m[966]: ] ci-info: +--------+------+----------------------------+---------------+-------+-------------------+Reached target Cloud-config availability.

[[0;32m  OK  [0m] Reached target Network is Online.
[   25.470508] cloud-init[966]: ci-info: |   lo   | True |         127.0.0.1          |   255.0.0.0   |   .   |         .         |
[   25.616393]          cloud-initStarting iSCSI initiator daemon (iscsid)...[966]: 
ci-info: |   lo   | True |          ::1/128           |       .       |  host |         .         |
[   25.645843] [cloud-init[0;32m  OK  [0m[966]: ] ci-info: | enp0s3 | True |         10.0.2.15          | 255.255.255.0 |   .   | 02:98:99:e0:7d:1c |Reached target System Initialization.

[[0;32m  OK  [0m] Started Daily Cleanup of Temporary Directories.
[[0;32m  OK  [0m] Listening on ACPID Listen Socket.
[   25.646442] cloud-init[966]: ci-info: | enp0s3 | True | fe80::98:99ff:fee0:7d1c/64 |       .       |  link | 02:98:99:e0:7d:1c |
[   25.737195] [cloud-init[0;32m  OK  [0m[966]: ] ci-info: +--------+------+----------------------------+---------------+-------+-------------------+Started ACPI Events Check.

[[0;32m  OK  [0m] Reached target Paths.
         Starting Socket activation for snappy daemon.
[[0;32m  OK  [0m] Listening on UUID daemon activation socket.
[   25.738064] cloud-init[966]: ci-info: +++++++++++++++++++++++++++Route IPv4 info++++++++++++++++++++++++++++
[[0;32m  OK  [0m] Listening on D-Bus System Message Bus Socket.
[   25.813326] cloud-init[966]: ci-info: +-------+-------------+----------+---------------+-----------+-------+
[   25.905980]          cloud-initStarting LXD - unix socket.[966]: 
ci-info: | Route | Destination | Gateway  |    Genmask    | Interface | Flags |
[   25.906716] cloud-init[966]: ci-info: +-------+-------------+----------+---------------+-----------+-------+
[   26.016348] [cloud-init[0;32m  OK  [0m[966]: ] ci-info: |   0   |   0.0.0.0   | 10.0.2.2 |    0.0.0.0    |   enp0s3  |   UG  |Started Timer to automatically refresh installed snaps.

[   26.017065] [cloud-init[0;32m  OK  [0m[966]: ] ci-info: |   1   |   10.0.2.0  | 0.0.0.0  | 255.255.255.0 |   enp0s3  |   U   |Started Daily apt activities.

[[0;32m  OK  [0m] Reached target Timers.
[   26.196155] cloud-init[966]: ci-info: +-------+-------------+----------+---------------+-----------+-------+
[[0;32m  OK  [0m] Listening on Socket activation for snappy daemon.
[[0;32m  OK  [0m] Listening on LXD - unix socket.
[[0;32m  OK  [0m] Started iSCSI initiator daemon (iscsid).
         Starting Login to default iSCSI targets...
[[0;32m  OK  [0m] Reached target Sockets.
[[0;32m  OK  [0m] Reached target Basic System.
         Starting Accounts Service...
         Starting System Logging Service...
         Starting LXD - container startup/shutdown...
[[0;32m  OK  [0m] Started Regular background program processing daemon.
[[0;32m  OK  [0m] Started Snappy daemon.
         Starting /etc/rc.local Compatibility...
[[0;32m  OK  [0m] Started ACPI event daemon.
         Starting LSB: Record successful boot for GRUB...
         Starting LSB: MD monitoring daemon...
[[0;32m  OK  [0m] Started FUSE filesystem for LXC.
[[0;32m  OK  [0m] Started D-Bus System Message Bus.
         Starting Auto import assertions from block devices...
         Starting Login Service...
[[0;32m  OK  [0m] Started Unattended Upgrades Shutdown.
         Starting Apply the settings specified in cloud-config...
[[0;32m  OK  [0m] Started Deferred execution scheduler.
         Starting OpenBSD Secure Shell server...
[[0;32m  OK  [0m] Started System Logging Service.
[[0;32m  OK  [0m] Started LXD - container startup/shutdown.
[[0;32m  OK  [0m] Started /etc/rc.local Compatibility.
[[0;32m  OK  [0m] Started Auto import assertions from block devices.
[[0;32m  OK  [0m] Started OpenBSD Secure Shell server.
[[0;32m  OK  [0m] Started Login to default iSCSI targets.
[[0;32m  OK  [0m] Started LSB: Record successful boot for GRUB.
[[0;32m  OK  [0m] Started LSB: MD monitoring daemon.
[[0;32m  OK  [0m] Started Login Service.
         Starting Authenticate and Authorize Users to Run Privileged Tasks...
[[0;32m  OK  [0m] Reached target Remote File Systems (Pre).
[[0;32m  OK  [0m] Reached target Remote File Systems.
         Starting LSB: daemon to balance interrupts for SMP systems...
         Starting LSB: Set the CPU Frequency Scaling governor to "ondemand"...
         Starting LSB: VirtualBox Linux Additions...
         Starting Permit User Sessions...
         Starting LSB: automatic crash report generation...
[[0;32m  OK  [0m] Started Permit User Sessions.
[[0;32m  OK  [0m] Started Authenticate and Authorize Users to Run Privileged Tasks.
[[0;32m  OK  [0m] Started Accounts Service.
[[0;32m  OK  [0m] Started LSB: Set the CPU Frequency Scaling governor to "ondemand".
[[0;32m  OK  [0m] Started LSB: daemon to balance interrupts for SMP systems.
         Starting Hold until boot process finishes up...
         Starting Terminate Plymouth Boot Screen...
[[0;32m  OK  [0m] Started LSB: VirtualBox Linux Additions.
[[0;32m  OK  [0m] Started Hold until boot process finishes up.
[   27.747707] cloud-init[1081]: Cloud-init v. 0.7.9 running 'modules:config' at Sun, 02 Jul 2017 22:23:54 +0000. Up 27.57 seconds.
[[0;32m  OK  [0m] Started Terminate Plymouth Boot Screen.
[[0;32m  OK  [0m] Started Apply the settings specified in cloud-config.
[[0;32m  OK  [0m] Created slice User Slice of ubuntu.
[[0;32m  OK  [0m] Started Session 1 of user ubuntu.
         Starting User Manager for UID 1000...
[[0;32m  OK  [0m] Started Getty on tty1.
         Starting Set console scheme...
[[0;32m  OK  [0m] Started Serial Getty on ttyS0.
[[0;32m  OK  [0m] Reached target Login Prompts.
[[0;32m  OK  [0m] Started User Manager for UID 1000.
[[0;32m  OK  [0m] Started LSB: automatic crash report generation.
[[0;32m  OK  [0m] Started Set console scheme.
[[0;32m  OK  [0m] Reached target Multi-User System.
         Starting Execute cloud user/final scripts...
[[0;32m  OK  [0m] Reached target Graphical Interface.
         Starting Update UTMP about System Runlevel Changes...
[[0;32m  OK  [0m] Started Update UTMP about System Runlevel Changes.
[   28.830760] cloud-init[1210]: Cloud-init v. 0.7.9 running 'modules:final' at Sun, 02 Jul 2017 22:23:55 +0000. Up 28.65 seconds.
[   28.856334] cloud-init[1210]: Cloud-init v. 0.7.9 finished at Sun, 02 Jul 2017 22:23:55 +0000. Datasource DataSourceNoCloud [seed=/dev/sdb][dsmode=net].  Up 28.82 seconds
[[0;32m  OK  [0m] Started Execute cloud user/final scripts.
[[0;32m  OK  [0m] Reached target Cloud-init target.

Ubuntu 16.04.2 LTS ubuntu-xenial ttyS0

ubuntu-xenial login: 